  main.cpp
main.obj : error LNK2019: unresolved external symbol _vkCreateInstance@12 referenced in function "private: void __thiscall HelloTriangleApplication::createInstance(void)" (?createInstance@HelloTriangleApplication@@AAEXXZ)
main.obj : error LNK2019: unresolved external symbol _vkDestroyInstance@8 referenced in function "private: void __thiscall HelloTriangleApplication::cleanup(void)" (?cleanup@HelloTriangleApplication@@AAEXXZ)
main.obj : error LNK2019: unresolved external symbol _vkEnumeratePhysicalDevices@12 referenced in function "private: void __thiscall HelloTriangleApplication::pickPhysicalDevice(void)" (?pickPhysicalDevice@HelloTriangleApplication@@AAEXXZ)
main.obj : error LNK2019: unresolved external symbol _vkGetPhysicalDeviceQueueFamilyProperties@12 referenced in function "private: struct QueueFamilyIndices __thiscall HelloTriangleApplication::findQueueFamilies(struct VkPhysicalDevice_T *)" (?findQueueFamilies@HelloTriangleApplication@@AAE?AUQueueFamilyIndices@@PAUVkPhysicalDevice_T@@@Z)
main.obj : error LNK2019: unresolved external symbol _vkGetInstanceProcAddr@8 referenced in function "enum VkResult __cdecl CreateDebugUtilsMessengerEXT(struct VkInstance_T *,struct VkDebugUtilsMessengerCreateInfoEXT const *,struct VkAllocationCallbacks const *,unsigned __int64 *)" (?CreateDebugUtilsMessengerEXT@@YA?AW4VkResult@@PAUVkInstance_T@@PBUVkDebugUtilsMessengerCreateInfoEXT@@PBUVkAllocationCallbacks@@PA_K@Z)
main.obj : error LNK2019: unresolved external symbol _vkCreateDevice@16 referenced in function "private: void __thiscall HelloTriangleApplication::createLogicalDevice(void)" (?createLogicalDevice@HelloTriangleApplication@@AAEXXZ)
main.obj : error LNK2019: unresolved external symbol _vkDestroyDevice@8 referenced in function "private: void __thiscall HelloTriangleApplication::cleanup(void)" (?cleanup@HelloTriangleApplication@@AAEXXZ)
main.obj : error LNK2019: unresolved external symbol _vkEnumerateDeviceExtensionProperties@16 referenced in function "private: bool __thiscall HelloTriangleApplication::checkDeviceExtensionSupport(struct VkPhysicalDevice_T *)" (?checkDeviceExtensionSupport@HelloTriangleApplication@@AAE_NPAUVkPhysicalDevice_T@@@Z)
main.obj : error LNK2019: unresolved external symbol _vkEnumerateInstanceLayerProperties@8 referenced in function "private: bool __thiscall HelloTriangleApplication::checkValidationLayerSupport(void)" (?checkValidationLayerSupport@HelloTriangleApplication@@AAE_NXZ)
main.obj : error LNK2019: unresolved external symbol _vkGetDeviceQueue@16 referenced in function "private: void __thiscall HelloTriangleApplication::createLogicalDevice(void)" (?createLogicalDevice@HelloTriangleApplication@@AAEXXZ)
main.obj : error LNK2019: unresolved external symbol _vkQueueSubmit@20 referenced in function "private: void __thiscall HelloTriangleApplication::drawFrame(void)" (?drawFrame@HelloTriangleApplication@@AAEXXZ)
main.obj : error LNK2019: unresolved external symbol _vkDeviceWaitIdle@4 referenced in function "private: void __thiscall HelloTriangleApplication::mainLoop(void)" (?mainLoop@HelloTriangleApplication@@AAEXXZ)
main.obj : error LNK2019: unresolved external symbol _vkCreateFence@16 referenced in function "private: void __thiscall HelloTriangleApplication::createSyncObjects(void)" (?createSyncObjects@HelloTriangleApplication@@AAEXXZ)
main.obj : error LNK2019: unresolved external symbol _vkDestroyFence@16 referenced in function "private: void __thiscall HelloTriangleApplication::cleanup(void)" (?cleanup@HelloTriangleApplication@@AAEXXZ)
main.obj : error LNK2019: unresolved external symbol _vkResetFences@12 referenced in function "private: void __thiscall HelloTriangleApplication::drawFrame(void)" (?drawFrame@HelloTriangleApplication@@AAEXXZ)
main.obj : error LNK2019: unresolved external symbol _vkWaitForFences@24 referenced in function "private: void __thiscall HelloTriangleApplication::drawFrame(void)" (?drawFrame@HelloTriangleApplication@@AAEXXZ)
main.obj : error LNK2019: unresolved external symbol _vkCreateSemaphore@16 referenced in function "private: void __thiscall HelloTriangleApplication::createSyncObjects(void)" (?createSyncObjects@HelloTriangleApplication@@AAEXXZ)
main.obj : error LNK2019: unresolved external symbol _vkDestroySemaphore@16 referenced in function "private: void __thiscall HelloTriangleApplication::cleanup(void)" (?cleanup@HelloTriangleApplication@@AAEXXZ)
main.obj : error LNK2019: unresolved external symbol _vkCreateImageView@16 referenced in function "private: void __thiscall HelloTriangleApplication::createImageViews(void)" (?createImageViews@HelloTriangleApplication@@AAEXXZ)
main.obj : error LNK2019: unresolved external symbol _vkDestroyImageView@16 referenced in function "private: void __thiscall HelloTriangleApplication::cleanup(void)" (?cleanup@HelloTriangleApplication@@AAEXXZ)
main.obj : error LNK2019: unresolved external symbol _vkCreateShaderModule@16 referenced in function "private: unsigned __int64 __thiscall HelloTriangleApplication::createShaderModule(class std::vector<char,class std::allocator<char> > const &)" (?createShaderModule@HelloTriangleApplication@@AAE_KABV?$vector@DV?$allocator@D@std@@@std@@@Z)
main.obj : error LNK2019: unresolved external symbol _vkDestroyShaderModule@16 referenced in function "private: void __thiscall HelloTriangleApplication::createGraphicsPipeline(void)" (?createGraphicsPipeline@HelloTriangleApplication@@AAEXXZ)
main.obj : error LNK2019: unresolved external symbol _vkCreateGraphicsPipelines@28 referenced in function "private: void __thiscall HelloTriangleApplication::createGraphicsPipeline(void)" (?createGraphicsPipeline@HelloTriangleApplication@@AAEXXZ)
main.obj : error LNK2019: unresolved external symbol _vkDestroyPipeline@16 referenced in function "private: void __thiscall HelloTriangleApplication::cleanup(void)" (?cleanup@HelloTriangleApplication@@AAEXXZ)
main.obj : error LNK2019: unresolved external symbol _vkCreatePipelineLayout@16 referenced in function "private: void __thiscall HelloTriangleApplication::createGraphicsPipeline(void)" (?createGraphicsPipeline@HelloTriangleApplication@@AAEXXZ)
main.obj : error LNK2019: unresolved external symbol _vkDestroyPipelineLayout@16 referenced in function "private: void __thiscall HelloTriangleApplication::cleanup(void)" (?cleanup@HelloTriangleApplication@@AAEXXZ)
main.obj : error LNK2019: unresolved external symbol _vkCreateFramebuffer@16 referenced in function "private: void __thiscall HelloTriangleApplication::createFramebuffers(void)" (?createFramebuffers@HelloTriangleApplication@@AAEXXZ)
main.obj : error LNK2019: unresolved external symbol _vkDestroyFramebuffer@16 referenced in function "private: void __thiscall HelloTriangleApplication::cleanup(void)" (?cleanup@HelloTriangleApplication@@AAEXXZ)
main.obj : error LNK2019: unresolved external symbol _vkCreateRenderPass@16 referenced in function "private: void __thiscall HelloTriangleApplication::createRenderPass(void)" (?createRenderPass@HelloTriangleApplication@@AAEXXZ)
main.obj : error LNK2019: unresolved external symbol _vkDestroyRenderPass@16 referenced in function "private: void __thiscall HelloTriangleApplication::cleanup(void)" (?cleanup@HelloTriangleApplication@@AAEXXZ)
main.obj : error LNK2019: unresolved external symbol _vkCreateCommandPool@16 referenced in function "private: void __thiscall HelloTriangleApplication::createCommandPool(void)" (?createCommandPool@HelloTriangleApplication@@AAEXXZ)
main.obj : error LNK2019: unresolved external symbol _vkDestroyCommandPool@16 referenced in function "private: void __thiscall HelloTriangleApplication::cleanup(void)" (?cleanup@HelloTriangleApplication@@AAEXXZ)
main.obj : error LNK2019: unresolved external symbol _vkAllocateCommandBuffers@12 referenced in function "private: void __thiscall HelloTriangleApplication::createCommandBuffer(void)" (?createCommandBuffer@HelloTriangleApplication@@AAEXXZ)
main.obj : error LNK2019: unresolved external symbol _vkBeginCommandBuffer@8 referenced in function "private: void __thiscall HelloTriangleApplication::recordCommandBuffer(struct VkCommandBuffer_T *,unsigned int)" (?recordCommandBuffer@HelloTriangleApplication@@AAEXPAUVkCommandBuffer_T@@I@Z)
main.obj : error LNK2019: unresolved external symbol _vkEndCommandBuffer@4 referenced in function "private: void __thiscall HelloTriangleApplication::recordCommandBuffer(struct VkCommandBuffer_T *,unsigned int)" (?recordCommandBuffer@HelloTriangleApplication@@AAEXPAUVkCommandBuffer_T@@I@Z)
main.obj : error LNK2019: unresolved external symbol _vkResetCommandBuffer@8 referenced in function "private: void __thiscall HelloTriangleApplication::drawFrame(void)" (?drawFrame@HelloTriangleApplication@@AAEXXZ)
main.obj : error LNK2019: unresolved external symbol _vkCmdBindPipeline@16 referenced in function "private: void __thiscall HelloTriangleApplication::recordCommandBuffer(struct VkCommandBuffer_T *,unsigned int)" (?recordCommandBuffer@HelloTriangleApplication@@AAEXPAUVkCommandBuffer_T@@I@Z)
main.obj : error LNK2019: unresolved external symbol _vkCmdSetViewport@16 referenced in function "private: void __thiscall HelloTriangleApplication::recordCommandBuffer(struct VkCommandBuffer_T *,unsigned int)" (?recordCommandBuffer@HelloTriangleApplication@@AAEXPAUVkCommandBuffer_T@@I@Z)
main.obj : error LNK2019: unresolved external symbol _vkCmdSetScissor@16 referenced in function "private: void __thiscall HelloTriangleApplication::recordCommandBuffer(struct VkCommandBuffer_T *,unsigned int)" (?recordCommandBuffer@HelloTriangleApplication@@AAEXPAUVkCommandBuffer_T@@I@Z)
main.obj : error LNK2019: unresolved external symbol _vkCmdDraw@20 referenced in function "private: void __thiscall HelloTriangleApplication::recordCommandBuffer(struct VkCommandBuffer_T *,unsigned int)" (?recordCommandBuffer@HelloTriangleApplication@@AAEXPAUVkCommandBuffer_T@@I@Z)
main.obj : error LNK2019: unresolved external symbol _vkCmdBeginRenderPass@12 referenced in function "private: void __thiscall HelloTriangleApplication::recordCommandBuffer(struct VkCommandBuffer_T *,unsigned int)" (?recordCommandBuffer@HelloTriangleApplication@@AAEXPAUVkCommandBuffer_T@@I@Z)
main.obj : error LNK2019: unresolved external symbol _vkCmdEndRenderPass@4 referenced in function "private: void __thiscall HelloTriangleApplication::recordCommandBuffer(struct VkCommandBuffer_T *,unsigned int)" (?recordCommandBuffer@HelloTriangleApplication@@AAEXPAUVkCommandBuffer_T@@I@Z)
main.obj : error LNK2019: unresolved external symbol _vkDestroySurfaceKHR@16 referenced in function "private: void __thiscall HelloTriangleApplication::cleanup(void)" (?cleanup@HelloTriangleApplication@@AAEXXZ)
main.obj : error LNK2019: unresolved external symbol _vkGetPhysicalDeviceSurfaceSupportKHR@20 referenced in function "private: struct QueueFamilyIndices __thiscall HelloTriangleApplication::findQueueFamilies(struct VkPhysicalDevice_T *)" (?findQueueFamilies@HelloTriangleApplication@@AAE?AUQueueFamilyIndices@@PAUVkPhysicalDevice_T@@@Z)
main.obj : error LNK2019: unresolved external symbol _vkGetPhysicalDeviceSurfaceCapabilitiesKHR@16 referenced in function "private: struct SwapChainSupportDetails __thiscall HelloTriangleApplication::querySwapChainSupport(struct VkPhysicalDevice_T *)" (?querySwapChainSupport@HelloTriangleApplication@@AAE?AUSwapChainSupportDetails@@PAUVkPhysicalDevice_T@@@Z)
main.obj : error LNK2019: unresolved external symbol _vkGetPhysicalDeviceSurfaceFormatsKHR@20 referenced in function "private: struct SwapChainSupportDetails __thiscall HelloTriangleApplication::querySwapChainSupport(struct VkPhysicalDevice_T *)" (?querySwapChainSupport@HelloTriangleApplication@@AAE?AUSwapChainSupportDetails@@PAUVkPhysicalDevice_T@@@Z)
main.obj : error LNK2019: unresolved external symbol _vkGetPhysicalDeviceSurfacePresentModesKHR@20 referenced in function "private: struct SwapChainSupportDetails __thiscall HelloTriangleApplication::querySwapChainSupport(struct VkPhysicalDevice_T *)" (?querySwapChainSupport@HelloTriangleApplication@@AAE?AUSwapChainSupportDetails@@PAUVkPhysicalDevice_T@@@Z)
main.obj : error LNK2019: unresolved external symbol _vkCreateSwapchainKHR@16 referenced in function "private: void __thiscall HelloTriangleApplication::createSwapChain(void)" (?createSwapChain@HelloTriangleApplication@@AAEXXZ)
main.obj : error LNK2019: unresolved external symbol _vkDestroySwapchainKHR@16 referenced in function "private: void __thiscall HelloTriangleApplication::cleanup(void)" (?cleanup@HelloTriangleApplication@@AAEXXZ)
main.obj : error LNK2019: unresolved external symbol _vkGetSwapchainImagesKHR@20 referenced in function "private: void __thiscall HelloTriangleApplication::createSwapChain(void)" (?createSwapChain@HelloTriangleApplication@@AAEXXZ)
main.obj : error LNK2019: unresolved external symbol _vkAcquireNextImageKHR@40 referenced in function "private: void __thiscall HelloTriangleApplication::drawFrame(void)" (?drawFrame@HelloTriangleApplication@@AAEXXZ)
main.obj : error LNK2019: unresolved external symbol _vkQueuePresentKHR@8 referenced in function "private: void __thiscall HelloTriangleApplication::drawFrame(void)" (?drawFrame@HelloTriangleApplication@@AAEXXZ)
main.obj : error LNK2019: unresolved external symbol _glfwInit referenced in function "private: void __thiscall HelloTriangleApplication::initWindow(void)" (?initWindow@HelloTriangleApplication@@AAEXXZ)
main.obj : error LNK2019: unresolved external symbol _glfwTerminate referenced in function "private: void __thiscall HelloTriangleApplication::cleanup(void)" (?cleanup@HelloTriangleApplication@@AAEXXZ)
main.obj : error LNK2019: unresolved external symbol _glfwWindowHint referenced in function "private: void __thiscall HelloTriangleApplication::initWindow(void)" (?initWindow@HelloTriangleApplication@@AAEXXZ)
main.obj : error LNK2019: unresolved external symbol _glfwCreateWindow referenced in function "private: void __thiscall HelloTriangleApplication::initWindow(void)" (?initWindow@HelloTriangleApplication@@AAEXXZ)
main.obj : error LNK2019: unresolved external symbol _glfwDestroyWindow referenced in function "private: void __thiscall HelloTriangleApplication::cleanup(void)" (?cleanup@HelloTriangleApplication@@AAEXXZ)
main.obj : error LNK2019: unresolved external symbol _glfwWindowShouldClose referenced in function "private: void __thiscall HelloTriangleApplication::mainLoop(void)" (?mainLoop@HelloTriangleApplication@@AAEXXZ)
main.obj : error LNK2019: unresolved external symbol _glfwGetFramebufferSize referenced in function "private: struct VkExtent2D __thiscall HelloTriangleApplication::chooseSwapExtent(struct VkSurfaceCapabilitiesKHR const &)" (?chooseSwapExtent@HelloTriangleApplication@@AAE?AUVkExtent2D@@ABUVkSurfaceCapabilitiesKHR@@@Z)
main.obj : error LNK2019: unresolved external symbol _glfwPollEvents referenced in function "private: void __thiscall HelloTriangleApplication::mainLoop(void)" (?mainLoop@HelloTriangleApplication@@AAEXXZ)
main.obj : error LNK2019: unresolved external symbol _glfwGetRequiredInstanceExtensions referenced in function "private: class std::vector<char const *,class std::allocator<char const *> > __thiscall HelloTriangleApplication::getRequiredExtensions(void)" (?getRequiredExtensions@HelloTriangleApplication@@AAE?AV?$vector@PBDV?$allocator@PBD@std@@@std@@XZ)
main.obj : error LNK2019: unresolved external symbol _glfwCreateWindowSurface referenced in function "private: void __thiscall HelloTriangleApplication::createSurface(void)" (?createSurface@HelloTriangleApplication@@AAEXXZ)
C:\VulkanSDK\1.3.275.0\Lib\vulkan-1.lib : warning LNK4272: library machine type 'x64' conflicts with target machine type 'x86'
C:\Users\X\Documents\Visual Studio 2019\Libraries\glfw-3.4.bin.WIN64\lib-vc2019\glfw3.lib : warning LNK4272: library machine type 'x64' conflicts with target machine type 'x86'
C:\Users\X\Desktop\Vulkan\Vulkan_Scene-Render-Scene\Vulkan 3D Render Application\Debug\Vulkan 3D Render Application.exe : fatal error LNK1120: 62 unresolved externals
